#    1 | steps:    46 | steps_t:     0 | t: 0.075016 | r:  -446.000000 | e:   1.000000 | Q:        nan | won: False 
#    2 | steps:   102 | steps_t:     0 | t: 0.137030 | r:  -478.000000 | e:   1.000000 | Q:        nan | won: False 
#    3 | steps:   209 | steps_t:     0 | t: 0.254056 | r:  -441.000000 | e:   1.000000 | Q:        nan | won: False 
#    4 | steps:   218 | steps_t:     0 | t: 0.265059 | r:  -464.000000 | e:   1.000000 | Q:        nan | won: False 
#    5 | steps:   225 | steps_t:     0 | t: 0.273061 | r:  -451.000000 | e:   1.000000 | Q:        nan | won: False 
#    6 | steps:   277 | steps_t:     0 | t: 0.330074 | r:  -518.000000 | e:   1.000000 | Q:        nan | won: False 
#    7 | steps:   313 | steps_t:     0 | t: 0.370083 | r:  -414.000000 | e:   1.000000 | Q:        nan | won: False 
#    8 | steps:   335 | steps_t:     0 | t: 0.394090 | r:  -477.000000 | e:   1.000000 | Q:        nan | won: False 
#    9 | steps:   373 | steps_t:     0 | t: 0.436098 | r:  -471.000000 | e:   1.000000 | Q:        nan | won: False 
#   10 | steps:   389 | steps_t:     0 | t: 0.455102 | r:  -482.000000 | e:   1.000000 | Q:        nan | won: False 
#   11 | steps:   439 | steps_t:     0 | t: 0.511115 | r:  -439.000000 | e:   1.000000 | Q:        nan | won: False 
#   12 | steps:   450 | steps_t:     0 | t: 0.524117 | r:  -466.000000 | e:   1.000000 | Q:        nan | won: False 
#   13 | steps:   467 | steps_t:     0 | t: 0.543122 | r:  -450.000000 | e:   1.000000 | Q:        nan | won: False 
#   14 | steps:   478 | steps_t:     0 | t: 0.555125 | r:  -477.000000 | e:   1.000000 | Q:        nan | won: False 
#   15 | steps:   493 | steps_t:     0 | t: 0.571129 | r:  -470.000000 | e:   1.000000 | Q:        nan | won: False 
#   16 | steps:   547 | steps_t:     0 | t: 0.632142 | r:  -487.000000 | e:   1.000000 | Q:        nan | won: False 
#   17 | steps:   564 | steps_t:     0 | t: 0.704159 | r:  -472.000000 | e:   1.000000 | Q:        nan | won: False 
#   18 | steps:   623 | steps_t:     0 | t: 0.770174 | r:  -459.000000 | e:   1.000000 | Q:        nan | won: False 
#   19 | steps:   633 | steps_t:     0 | t: 0.782176 | r:  -465.000000 | e:   1.000000 | Q:        nan | won: False 
#   20 | steps:   645 | steps_t:     0 | t: 0.796180 | r:  -478.000000 | e:   1.000000 | Q:        nan | won: False 
#   21 | steps:   700 | steps_t:     0 | t: 0.857194 | r:  -455.000000 | e:   1.000000 | Q:        nan | won: False 
#   22 | steps:   714 | steps_t:     0 | t: 0.873197 | r:  -458.000000 | e:   1.000000 | Q:        nan | won: False 
#   23 | steps:   739 | steps_t:     0 | t: 0.901204 | r:  -491.000000 | e:   1.000000 | Q:        nan | won: False 
#   24 | steps:   759 | steps_t:     0 | t: 0.923209 | r:  -464.000000 | e:   1.000000 | Q:        nan | won: False 
#   25 | steps:   804 | steps_t:     0 | t: 0.974221 | r:  -434.000000 | e:   1.000000 | Q:        nan | won: False 
#   26 | steps:   815 | steps_t:     0 | t: 0.986223 | r:  -455.000000 | e:   1.000000 | Q:        nan | won: False 
#   27 | steps:   836 | steps_t:     0 | t: 1.009228 | r:  -443.000000 | e:   1.000000 | Q:        nan | won: False 
#   28 | steps:   851 | steps_t:     0 | t: 1.026232 | r:  -503.000000 | e:   1.000000 | Q:        nan | won: False 
#   29 | steps:   871 | steps_t:     0 | t: 1.049237 | r:  -464.000000 | e:   1.000000 | Q:        nan | won: False 
#   30 | steps:   886 | steps_t:     0 | t: 1.066242 | r:  -426.000000 | e:   1.000000 | Q:        nan | won: False 
#   31 | steps:   935 | steps_t:     0 | t: 1.121254 | r:  -438.000000 | e:   1.000000 | Q:        nan | won: False 
#   32 | steps:   950 | steps_t:     0 | t: 1.138259 | r:  -481.000000 | e:   1.000000 | Q:        nan | won: False 
#   33 | steps:   970 | steps_t:     0 | t: 1.161263 | r:  -475.000000 | e:   1.000000 | Q:        nan | won: False 
#   34 | steps:   987 | steps_t:     0 | t: 1.181268 | r:  -461.000000 | e:   1.000000 | Q:        nan | won: False 
#   35 | steps:  1004 | steps_t:     0 | t: 1.201272 | r:  -483.000000 | e:   1.000000 | Q:        nan | won: False 
#   36 | steps:  1082 | steps_t:     0 | t: 1.305297 | r:  -456.000000 | e:   1.000000 | Q:        nan | won: False 
#   37 | steps:  1093 | steps_t:     0 | t: 1.319299 | r:  -499.000000 | e:   1.000000 | Q:        nan | won: False 
#   38 | steps:  1109 | steps_t:     0 | t: 1.337303 | r:  -471.000000 | e:   1.000000 | Q:        nan | won: False 
#   39 | steps:  1130 | steps_t:     0 | t: 1.361309 | r:  -432.000000 | e:   1.000000 | Q:        nan | won: False 
#   40 | steps:  1145 | steps_t:     0 | t: 1.377312 | r:  -481.000000 | e:   1.000000 | Q:        nan | won: False 
#   41 | steps:  1168 | steps_t:     0 | t: 1.403318 | r:  -467.000000 | e:   1.000000 | Q:        nan | won: False 
#   42 | steps:  1210 | steps_t:     0 | t: 1.450329 | r:  -464.000000 | e:   1.000000 | Q:        nan | won: False 
#   43 | steps:  1241 | steps_t:     0 | t: 1.485337 | r:  -497.000000 | e:   1.000000 | Q:        nan | won: False 
#   44 | steps:  1271 | steps_t:     0 | t: 1.518344 | r:  -485.000000 | e:   1.000000 | Q:        nan | won: False 
#   45 | steps:  1304 | steps_t:     0 | t: 1.556354 | r:  -466.000000 | e:   1.000000 | Q:        nan | won: False 
#   46 | steps:  1338 | steps_t:     0 | t: 1.594361 | r:  -489.000000 | e:   1.000000 | Q:        nan | won: False 
#   47 | steps:  1400 | steps_t:     0 | t: 1.664378 | r:  -473.000000 | e:   1.000000 | Q:        nan | won: False 
#   48 | steps:  1413 | steps_t:     0 | t: 1.678381 | r:  -490.000000 | e:   1.000000 | Q:        nan | won: False 
#   49 | steps:  1449 | steps_t:     0 | t: 1.719390 | r:  -480.000000 | e:   1.000000 | Q:        nan | won: False 
#   50 | steps:  1491 | steps_t:     0 | t: 1.766401 | r:  -486.000000 | e:   1.000000 | Q:        nan | won: False 
#   51 | steps:  1501 | steps_t:     0 | t: 1.777403 | r:  -454.000000 | e:   1.000000 | Q:        nan | won: False 
#   52 | steps:  1518 | steps_t:     0 | t: 1.795407 | r:  -461.000000 | e:   1.000000 | Q:        nan | won: False 
#   53 | steps:  1597 | steps_t:     0 | t: 1.883427 | r:  -446.000000 | e:   1.000000 | Q:        nan | won: False 
#   54 | steps:  1747 | steps_t:     0 | t: 2.053466 | r:  -367.000000 | e:   1.000000 | Q:        nan | won: False 
#   55 | steps:  1772 | steps_t:     0 | t: 2.081472 | r:  -447.000000 | e:   1.000000 | Q:        nan | won: False 
#   56 | steps:  1843 | steps_t:     0 | t: 2.160491 | r:  -438.000000 | e:   1.000000 | Q:        nan | won: False 
#   57 | steps:  1859 | steps_t:     0 | t: 2.177494 | r:  -427.000000 | e:   1.000000 | Q:        nan | won: False 
#   58 | steps:  1982 | steps_t:     0 | t: 2.314525 | r:  -391.000000 | e:   1.000000 | Q:        nan | won: False 
#   59 | steps:  2065 | steps_t:     0 | t: 2.407547 | r:  -483.000000 | e:   1.000000 | Q:        nan | won: False 
#   60 | steps:  2081 | steps_t:     0 | t: 2.425550 | r:  -482.000000 | e:   1.000000 | Q:        nan | won: False 
#   61 | steps:  2117 | steps_t:     0 | t: 2.465559 | r:  -403.000000 | e:   1.000000 | Q:        nan | won: False 
#   62 | steps:  2143 | steps_t:     0 | t: 2.494567 | r:  -481.000000 | e:   1.000000 | Q:        nan | won: False 
#   63 | steps:  2161 | steps_t:     0 | t: 2.514571 | r:  -484.000000 | e:   1.000000 | Q:        nan | won: False 
#   64 | steps:  2195 | steps_t:     0 | t: 2.552580 | r:  -467.000000 | e:   1.000000 | Q:        nan | won: False 
#   65 | steps:  2205 | steps_t:     0 | t: 2.563582 | r:  -465.000000 | e:   1.000000 | Q:        nan | won: False 
#   66 | steps:  2223 | steps_t:     0 | t: 2.583587 | r:  -484.000000 | e:   1.000000 | Q:        nan | won: False 
#   67 | steps:  2251 | steps_t:     0 | t: 2.614593 | r:  -450.000000 | e:   1.000000 | Q:        nan | won: False 
#   68 | steps:  2315 | steps_t:     0 | t: 2.686610 | r:  -409.000000 | e:   1.000000 | Q:        nan | won: False 
#   69 | steps:  2363 | steps_t:     0 | t: 2.807637 | r:  -503.000000 | e:   1.000000 | Q:        nan | won: False 
#   70 | steps:  2443 | steps_t:     0 | t: 2.896658 | r:  -491.000000 | e:   1.000000 | Q:        nan | won: False 
#   71 | steps:  2468 | steps_t:     0 | t: 2.923664 | r:  -480.000000 | e:   1.000000 | Q:        nan | won: False 
#   72 | steps:  2495 | steps_t:     0 | t: 2.954671 | r:  -405.000000 | e:   1.000000 | Q:        nan | won: False 
#   73 | steps:  2591 | steps_t:     0 | t: 3.061696 | r:  -540.000000 | e:   1.000000 | Q:        nan | won: False 
#   74 | steps:  2661 | steps_t:     0 | t: 3.140713 | r:  -342.000000 | e:   1.000000 | Q:        nan | won: False 
#   75 | steps:  2738 | steps_t:     0 | t: 3.226733 | r:  -499.000000 | e:   1.000000 | Q:        nan | won: False 
#   76 | steps:  2755 | steps_t:     0 | t: 3.245737 | r:  -472.000000 | e:   1.000000 | Q:        nan | won: False 
#   77 | steps:  2768 | steps_t:     0 | t: 3.260741 | r:  -490.000000 | e:   1.000000 | Q:        nan | won: False 
#   78 | steps:  2792 | steps_t:     0 | t: 3.287747 | r:  -457.000000 | e:   1.000000 | Q:        nan | won: False 
#   79 | steps:  2832 | steps_t:     0 | t: 3.332757 | r:  -440.000000 | e:   1.000000 | Q:        nan | won: False 
#   80 | steps:  3001 | steps_t:     0 | t: 3.520800 | r:  -415.000000 | e:   1.000000 | Q:        nan | won: False 
#   81 | steps:  3060 | steps_t:     0 | t: 3.587815 | r:  -492.000000 | e:   1.000000 | Q:        nan | won: False 
#   82 | steps:  3073 | steps_t:     0 | t: 3.601818 | r:  -468.000000 | e:   1.000000 | Q:        nan | won: False 
#   83 | steps:  3130 | steps_t:     0 | t: 3.664833 | r:  -512.000000 | e:   1.000000 | Q:        nan | won: False 
#   84 | steps:  3146 | steps_t:     0 | t: 3.683837 | r:  -493.000000 | e:   1.000000 | Q:        nan | won: False 
#   85 | steps:  3157 | steps_t:     0 | t: 3.695840 | r:  -477.000000 | e:   1.000000 | Q:        nan | won: False 
#   86 | steps:  3198 | steps_t:     0 | t: 3.741850 | r:  -474.000000 | e:   1.000000 | Q:        nan | won: False 
#   87 | steps:  3229 | steps_t:     0 | t: 3.775858 | r:  -497.000000 | e:   1.000000 | Q:        nan | won: False 
#   88 | steps:  3264 | steps_t:     0 | t: 3.814867 | r:  -446.000000 | e:   1.000000 | Q:        nan | won: False 
#   89 | steps:  3276 | steps_t:     0 | t: 3.827870 | r:  -500.000000 | e:   1.000000 | Q:        nan | won: False 
#   90 | steps:  3292 | steps_t:     0 | t: 3.845874 | r:  -493.000000 | e:   1.000000 | Q:        nan | won: False 
#   91 | steps:  3362 | steps_t:     0 | t: 3.923892 | r:  -393.000000 | e:   1.000000 | Q:        nan | won: False 
#   92 | steps:  3408 | steps_t:     0 | t: 3.974903 | r:  -446.000000 | e:   1.000000 | Q:        nan | won: False 
#   93 | steps:  3438 | steps_t:     0 | t: 4.008912 | r:  -452.000000 | e:   1.000000 | Q:        nan | won: False 
#   94 | steps:  3463 | steps_t:     0 | t: 4.036917 | r:  -491.000000 | e:   1.000000 | Q:        nan | won: False 
#   95 | steps:  3485 | steps_t:     0 | t: 4.061923 | r:  -411.000000 | e:   1.000000 | Q:        nan | won: False 
#   96 | steps:  3552 | steps_t:     0 | t: 4.135940 | r:  -401.000000 | e:   1.000000 | Q:        nan | won: False 
#   97 | steps:  3578 | steps_t:     0 | t: 4.163946 | r:  -481.000000 | e:   1.000000 | Q:        nan | won: False 
#   98 | steps:  3631 | steps_t:     0 | t: 4.222960 | r:  -431.000000 | e:   1.000000 | Q:        nan | won: False 
#   99 | steps:  3649 | steps_t:     0 | t: 4.243964 | r:  -462.000000 | e:   1.000000 | Q:        nan | won: False 
#  100 | steps:  3710 | steps_t:     0 | t: 4.311980 | r:  -439.000000 | e:   1.000000 | Q:        nan | won: False 
#  101 | steps:  3783 | steps_t:     0 | t: 4.392998 | r:  -495.000000 | e:   1.000000 | Q:        nan | won: False 
#  102 | steps:  3795 | steps_t:     0 | t: 4.407002 | r:  -478.000000 | e:   1.000000 | Q:        nan | won: False 
#  103 | steps:  3821 | steps_t:     0 | t: 4.436008 | r:  -437.000000 | e:   1.000000 | Q:        nan | won: False 
#  104 | steps:  3840 | steps_t:     0 | t: 4.457013 | r:  -485.000000 | e:   1.000000 | Q:        nan | won: False 
#  105 | steps:  3852 | steps_t:     0 | t: 4.470016 | r:  -489.000000 | e:   1.000000 | Q:        nan | won: False 
#  106 | steps:  3871 | steps_t:     0 | t: 4.491020 | r:  -496.000000 | e:   1.000000 | Q:        nan | won: False 
#  107 | steps:  3905 | steps_t:     0 | t: 4.529030 | r:  -467.000000 | e:   1.000000 | Q:        nan | won: False 
#  108 | steps:  3921 | steps_t:     0 | t: 4.546033 | r:  -471.000000 | e:   1.000000 | Q:        nan | won: False 
#  109 | steps:  4024 | steps_t:     0 | t: 4.670061 | r:  -503.000000 | e:   1.000000 | Q:        nan | won: False 
#  110 | steps:  4124 | steps_t:     0 | t: 4.781096 | r:  -423.000000 | e:   1.000000 | Q:        nan | won: False 
#  111 | steps:  4134 | steps_t:     0 | t: 4.793089 | r:  -465.000000 | e:   1.000000 | Q:        nan | won: False 
#  112 | steps:  4171 | steps_t:     0 | t: 4.919127 | r:  -481.000000 | e:   1.000000 | Q:        nan | won: False 
#  113 | steps:  4183 | steps_t:     0 | t: 4.932121 | r:  -489.000000 | e:   1.000000 | Q:        nan | won: False 
#  114 | steps:  4252 | steps_t:     0 | t: 5.009139 | r:  -447.000000 | e:   1.000000 | Q:        nan | won: False 
#  115 | steps:  4263 | steps_t:     0 | t: 5.022142 | r:  -466.000000 | e:   1.000000 | Q:        nan | won: False 
#  116 | steps:  4359 | steps_t:     0 | t: 5.129166 | r:  -375.000000 | e:   1.000000 | Q:        nan | won: False 
#  117 | steps:  4391 | steps_t:     0 | t: 5.165174 | r:  -454.000000 | e:   1.000000 | Q:        nan | won: False 
#  118 | steps:  4415 | steps_t:     0 | t: 5.193180 | r:  -479.000000 | e:   1.000000 | Q:        nan | won: False 
#  119 | steps:  4437 | steps_t:     0 | t: 5.217186 | r:  -455.000000 | e:   1.000000 | Q:        nan | won: False 
#  120 | steps:  4449 | steps_t:     0 | t: 5.231189 | r:  -489.000000 | e:   1.000000 | Q:        nan | won: False 
#  121 | steps:  4480 | steps_t:     0 | t: 5.266197 | r:  -486.000000 | e:   1.000000 | Q:        nan | won: False 
#  122 | steps:  4545 | steps_t:     0 | t: 5.339214 | r:  -476.000000 | e:   1.000000 | Q:        nan | won: False 
#  123 | steps:  4601 | steps_t:     0 | t: 5.404230 | r:  -390.000000 | e:   1.000000 | Q:        nan | won: False 
#  124 | steps:  4615 | steps_t:     0 | t: 5.421232 | r:  -491.000000 | e:   1.000000 | Q:        nan | won: False 
#  125 | steps:  4690 | steps_t:     0 | t: 5.506252 | r:  -398.000000 | e:   1.000000 | Q:        nan | won: False 
#  126 | steps:  4732 | steps_t:     0 | t: 5.552263 | r:  -398.000000 | e:   1.000000 | Q:        nan | won: False 
#  127 | steps:  4755 | steps_t:     0 | t: 5.578268 | r:  -467.000000 | e:   1.000000 | Q:        nan | won: False 
#  128 | steps:  4787 | steps_t:     0 | t: 5.614278 | r:  -465.000000 | e:   1.000000 | Q:        nan | won: False 
#  129 | steps:  4862 | steps_t:     0 | t: 5.699296 | r:  -486.000000 | e:   1.000000 | Q:        nan | won: False 
#  130 | steps:  4923 | steps_t:     0 | t: 5.767311 | r:  -516.000000 | e:   1.000000 | Q:        nan | won: False 
#  131 | steps:  4991 | steps_t:     0 | t: 5.844329 | r:  -512.000000 | e:   1.000000 | Q:        nan | won: False 
#  132 | steps:  5027 | steps_t:    26 | t: 6.296431 | r:  -458.000000 | e:   0.997400 | Q:        nan | won: False 
#  133 | steps:  5036 | steps_t:    34 | t: 6.417460 | r:  -475.000000 | e:   0.996600 | Q:        nan | won: False 
#  134 | steps:  5050 | steps_t:    47 | t: 6.614505 | r:  -480.000000 | e:   0.995300 | Q:        nan | won: False 
#  135 | steps:  5085 | steps_t:    81 | t: 7.092613 | r:  -391.000000 | e:   0.991900 | Q: -10.547570 | won: False 
#  136 | steps:  5098 | steps_t:    93 | t: 7.253650 | r:  -490.000000 | e:   0.990700 | Q:        nan | won: False 
#  137 | steps:  5151 | steps_t:   145 | t: 7.922802 | r:  -453.000000 | e:   0.985500 | Q:        nan | won: False 
#  138 | steps:  5180 | steps_t:   173 | t: 8.283884 | r:  -473.000000 | e:   0.982700 | Q: -84.612190 | won: False 
#  139 | steps:  5213 | steps_t:   205 | t: 8.700979 | r:  -411.000000 | e:   0.979500 | Q: -101.187370 | won: False 
#  140 | steps:  5240 | steps_t:   231 | t: 9.057061 | r:  -449.000000 | e:   0.976900 | Q:        nan | won: False 
#  141 | steps:  5263 | steps_t:   253 | t: 9.379134 | r:  -489.000000 | e:   0.974700 | Q:        nan | won: False 
#  142 | steps:  5289 | steps_t:   278 | t: 9.717211 | r:  -503.000000 | e:   0.972200 | Q: -85.856018 | won: False 
#  143 | steps:  5376 | steps_t:   364 | t: 10.931487 | r:  -454.000000 | e:   0.963600 | Q: -76.783226 | won: False 
#  144 | steps:  5413 | steps_t:   400 | t: 11.414597 | r:  -503.000000 | e:   0.960000 | Q:        nan | won: False 
#  145 | steps:  5427 | steps_t:   413 | t: 11.588636 | r:  -491.000000 | e:   0.958700 | Q: -80.081177 | won: False 
#  146 | steps:  5451 | steps_t:   436 | t: 11.914710 | r:  -468.000000 | e:   0.956400 | Q: -77.445503 | won: False 
#  147 | steps:  5484 | steps_t:   468 | t: 12.371815 | r:  -488.000000 | e:   0.953200 | Q: -85.737350 | won: False 
#  148 | steps:  5499 | steps_t:   482 | t: 12.558857 | r:  -492.000000 | e:   0.951800 | Q: -107.427864 | won: False 
#  149 | steps:  5510 | steps_t:   492 | t: 12.689887 | r:  -488.000000 | e:   0.950800 | Q:        nan | won: False 
#  150 | steps:  5527 | steps_t:   508 | t: 12.903935 | r:  -472.000000 | e:   0.949200 | Q: -94.197144 | won: False 
#  151 | steps:  5545 | steps_t:   525 | t: 13.135988 | r:  -473.000000 | e:   0.947500 | Q: -97.766754 | won: False 
#  152 | steps:  5587 | steps_t:   566 | t: 13.682112 | r:  -497.000000 | e:   0.943400 | Q:        nan | won: False 
#  153 | steps:  5610 | steps_t:   588 | t: 13.973179 | r:  -390.000000 | e:   0.941200 | Q: -100.502686 | won: False 
#  154 | steps:  5624 | steps_t:   601 | t: 14.139217 | r:  -502.000000 | e:   0.939900 | Q:        nan | won: False 
#  155 | steps:  5661 | steps_t:   637 | t: 14.618326 | r:  -382.000000 | e:   0.936300 | Q: -76.073547 | won: False 
#  156 | steps:  5681 | steps_t:   656 | t: 14.873384 | r:  -475.000000 | e:   0.934400 | Q: -92.644791 | won: False 
#  157 | steps:  5699 | steps_t:   673 | t: 15.100436 | r:  -462.000000 | e:   0.932700 | Q: -101.866287 | won: False 
#  158 | steps:  5827 | steps_t:   800 | t: 16.747810 | r:  -495.000000 | e:   0.920000 | Q: -76.966255 | won: False 
#  159 | steps:  5925 | steps_t:   897 | t: 18.077113 | r:  -355.000000 | e:   0.910300 | Q: -87.081718 | won: False 
#  160 | steps:  6007 | steps_t:   978 | t: 19.138355 | r:  -416.000000 | e:   0.902200 | Q: -72.856979 | won: False 
#  161 | steps:  6016 | steps_t:   986 | t: 19.245379 | r:  -453.000000 | e:   0.901400 | Q: -82.838463 | won: False 
#  162 | steps:  6053 | steps_t:  1022 | t: 19.712485 | r:  -393.000000 | e:   0.897800 | Q: -87.598846 | won: False 
#  163 | steps:  6094 | steps_t:  1062 | t: 20.235604 | r:  -397.000000 | e:   0.893800 | Q: -89.019638 | won: False 
#  164 | steps:  6105 | steps_t:  1072 | t: 20.376636 | r:  -455.000000 | e:   0.892800 | Q: -104.433235 | won: False 
#  165 | steps:  6141 | steps_t:  1107 | t: 20.845743 | r:  -491.000000 | e:   0.889300 | Q: -102.097244 | won: False 
#  166 | steps:  6176 | steps_t:  1141 | t: 21.285843 | r:  -457.000000 | e:   0.885900 | Q: -125.026222 | won: False 
#  167 | steps:  6226 | steps_t:  1190 | t: 22.027011 | r:  -384.000000 | e:   0.881000 | Q: -87.918594 | won: False 
#  168 | steps:  6243 | steps_t:  1206 | t: 22.238060 | r:  -483.000000 | e:   0.879400 | Q: -103.515076 | won: False 
#  169 | steps:  6294 | steps_t:  1256 | t: 22.951222 | r:  -462.000000 | e:   0.874400 | Q: -106.455498 | won: False 
#  170 | steps:  6319 | steps_t:  1280 | t: 23.282297 | r:  -458.000000 | e:   0.872000 | Q: -101.479927 | won: False 
#  171 | steps:  6369 | steps_t:  1329 | t: 23.955451 | r:  -417.000000 | e:   0.867100 | Q: -76.479080 | won: False 
#  172 | steps:  6392 | steps_t:  1351 | t: 24.239516 | r:  -423.000000 | e:   0.864900 | Q: -102.041641 | won: False 
#  173 | steps:  6411 | steps_t:  1369 | t: 24.484571 | r:  -430.000000 | e:   0.863100 | Q: -123.687386 | won: False 
#  174 | steps:  6426 | steps_t:  1383 | t: 24.680615 | r:  -492.000000 | e:   0.861700 | Q: -120.355103 | won: False 
#  175 | steps:  6435 | steps_t:  1391 | t: 24.794642 | r:  -464.000000 | e:   0.860900 | Q: -109.800713 | won: False 
#  176 | steps:  6512 | steps_t:  1467 | t: 25.799871 | r:  -444.000000 | e:   0.853300 | Q: -103.220970 | won: False 
#  177 | steps:  6546 | steps_t:  1500 | t: 26.245973 | r:  -456.000000 | e:   0.850000 | Q: -126.207405 | won: False 
#  178 | steps:  6574 | steps_t:  1527 | t: 26.626058 | r:  -483.000000 | e:   0.847300 | Q: -116.936722 | won: False 
#  179 | steps:  6585 | steps_t:  1537 | t: 26.769091 | r:  -466.000000 | e:   0.846300 | Q: -106.821991 | won: False 
#  180 | steps:  6606 | steps_t:  1557 | t: 27.043154 | r:  -498.000000 | e:   0.844300 | Q: -102.181915 | won: False 
#  181 | steps:  6629 | steps_t:  1579 | t: 27.373229 | r:  -478.000000 | e:   0.842100 | Q: -95.791374 | won: False 
#  182 | steps:  6682 | steps_t:  1631 | t: 28.091392 | r:  -409.000000 | e:   0.836900 | Q: -90.150475 | won: False 
#  183 | steps:  6773 | steps_t:  1721 | t: 29.322672 | r:  -370.000000 | e:   0.827900 | Q: -76.685303 | won: False 
#  184 | steps:  6791 | steps_t:  1738 | t: 29.575730 | r:  -451.000000 | e:   0.826200 | Q: -81.844734 | won: False 
#  185 | steps:  6817 | steps_t:  1763 | t: 29.936812 | r:  -459.000000 | e:   0.823700 | Q: -108.183449 | won: False 
#  186 | steps:  6831 | steps_t:  1776 | t: 30.118853 | r:  -491.000000 | e:   0.822400 | Q: -99.866226 | won: False 
#  187 | steps:  6886 | steps_t:  1830 | t: 30.942041 | r:  -411.000000 | e:   0.817000 | Q: -79.999329 | won: False 
#  188 | steps:  6914 | steps_t:  1857 | t: 31.335131 | r:  -395.000000 | e:   0.814300 | Q: -82.937241 | won: False 
#  189 | steps:  6943 | steps_t:  1885 | t: 31.711216 | r:  -429.000000 | e:   0.811500 | Q: -75.791000 | won: False 
#  190 | steps:  6952 | steps_t:  1893 | t: 31.825242 | r:  -486.000000 | e:   0.810700 | Q: -77.471237 | won: False 
#  191 | steps:  6976 | steps_t:  1916 | t: 32.155317 | r:  -468.000000 | e:   0.808400 | Q: -82.275467 | won: False 
#  192 | steps:  6990 | steps_t:  1929 | t: 32.335358 | r:  -491.000000 | e:   0.807100 | Q: -99.927650 | won: False 
#  193 | steps:  7049 | steps_t:  1987 | t: 33.116536 | r:  -448.000000 | e:   0.801300 | Q: -93.501831 | won: False 
#  194 | steps:  7093 | steps_t:  2030 | t: 33.676663 | r:  -422.000000 | e:   0.797000 | Q: -109.661926 | won: False 
#  195 | steps:  7130 | steps_t:  2066 | t: 34.149771 | r:  -492.000000 | e:   0.793400 | Q: -88.085983 | won: False 
#  196 | steps:  7228 | steps_t:  2163 | t: 35.438063 | r:  -498.000000 | e:   0.783700 | Q: -88.466354 | won: False 
#  197 | steps:  7240 | steps_t:  2174 | t: 35.590098 | r:  -489.000000 | e:   0.782600 | Q: -89.751488 | won: False 
#  198 | steps:  7266 | steps_t:  2199 | t: 35.922174 | r:  -459.000000 | e:   0.780100 | Q: -76.623070 | won: False 
#  199 | steps:  7278 | steps_t:  2210 | t: 36.068208 | r:  -489.000000 | e:   0.779000 | Q: -81.153343 | won: False 
#  200 | steps:  7296 | steps_t:  2227 | t: 36.308262 | r:  -462.000000 | e:   0.777300 | Q: -97.073044 | won: False 
#  201 | steps:  7315 | steps_t:  2245 | t: 36.558320 | r:  -441.000000 | e:   0.775500 | Q: -95.724106 | won: False 
#  202 | steps:  7340 | steps_t:  2269 | t: 36.888394 | r:  -458.000000 | e:   0.773100 | Q: -97.182518 | won: False 
#  203 | steps:  7385 | steps_t:  2313 | t: 37.477528 | r:  -379.000000 | e:   0.768700 | Q: -121.333420 | won: False 
#  204 | steps:  7423 | steps_t:  2350 | t: 37.979643 | r:  -394.000000 | e:   0.765000 | Q: -107.294868 | won: False 
#  205 | steps:  7465 | steps_t:  2391 | t: 38.514765 | r:  -486.000000 | e:   0.760900 | Q: -97.125908 | won: False 
#  206 | steps:  7486 | steps_t:  2411 | t: 38.779824 | r:  -443.000000 | e:   0.758900 | Q: -82.227165 | won: False 
#  207 | steps:  7545 | steps_t:  2469 | t: 39.534997 | r:  -415.000000 | e:   0.753100 | Q: -81.639465 | won: False 
#  208 | steps:  7564 | steps_t:  2487 | t: 39.771050 | r:  -507.000000 | e:   0.751300 | Q: -119.025566 | won: False 
#  209 | steps:  7590 | steps_t:  2512 | t: 40.111127 | r:  -481.000000 | e:   0.748800 | Q: -105.417397 | won: False 
#  210 | steps:  7612 | steps_t:  2533 | t: 40.393192 | r:  -455.000000 | e:   0.746700 | Q: -110.623810 | won: False 
#  211 | steps:  7639 | steps_t:  2559 | t: 40.734269 | r:  -427.000000 | e:   0.744100 | Q: -115.092667 | won: False 
#  212 | steps:  7670 | steps_t:  2589 | t: 41.134360 | r:  -409.000000 | e:   0.741100 | Q: -101.835732 | won: False 
#  213 | steps:  7808 | steps_t:  2726 | t: 42.971779 | r:  -377.000000 | e:   0.727400 | Q: -81.888115 | won: False 
#  214 | steps:  7888 | steps_t:  2805 | t: 44.031019 | r:  -436.000000 | e:   0.719500 | Q: -110.158798 | won: False 
#  215 | steps:  7902 | steps_t:  2818 | t: 44.203059 | r:  -480.000000 | e:   0.718200 | Q: -131.052811 | won: False 
#  216 | steps:  7962 | steps_t:  2877 | t: 44.978235 | r:  -438.000000 | e:   0.712300 | Q: -111.794579 | won: False 
#  217 | steps:  7985 | steps_t:  2899 | t: 45.269302 | r:  -478.000000 | e:   0.710100 | Q: -111.173569 | won: False 
#  218 | steps:  8068 | steps_t:  2981 | t: 46.386556 | r:  -300.000000 | e:   0.701900 | Q: -96.315498 | won: False 
#  219 | steps:  8081 | steps_t:  2993 | t: 46.558596 | r:  -424.000000 | e:   0.700700 | Q: -104.024300 | won: False 
#  220 | steps:  8116 | steps_t:  3027 | t: 47.053708 | r:  -512.000000 | e:   0.697300 | Q: -107.344620 | won: False 
#  221 | steps:  8143 | steps_t:  3053 | t: 47.406788 | r:  -460.000000 | e:   0.694700 | Q: -124.544899 | won: False 
#  222 | steps:  8193 | steps_t:  3102 | t: 48.138955 | r:  -366.000000 | e:   0.689800 | Q: -89.237816 | won: False 
#  223 | steps:  8219 | steps_t:  3127 | t: 48.500037 | r:  -426.000000 | e:   0.687300 | Q: -88.332146 | won: False 
#  224 | steps:  8350 | steps_t:  3257 | t: 50.319451 | r:  -370.000000 | e:   0.674300 | Q: -91.949890 | won: False 
#  225 | steps:  8370 | steps_t:  3276 | t: 50.577510 | r:  -453.000000 | e:   0.672400 | Q: -113.776108 | won: False 
#  226 | steps:  8386 | steps_t:  3291 | t: 50.775554 | r:  -449.000000 | e:   0.670900 | Q: -101.064079 | won: False 
#  227 | steps:  8406 | steps_t:  3310 | t: 51.028612 | r:  -464.000000 | e:   0.669000 | Q: -95.313492 | won: False 
#  228 | steps:  8419 | steps_t:  3322 | t: 51.194650 | r:  -479.000000 | e:   0.667800 | Q: -108.754753 | won: False 
#  229 | steps:  8560 | steps_t:  3462 | t: 53.182103 | r:  -435.000000 | e:   0.653800 | Q: -73.702240 | won: False 
#  230 | steps:  8605 | steps_t:  3506 | t: 53.812245 | r:  -423.000000 | e:   0.649400 | Q: -101.774567 | won: False 
#  231 | steps:  8677 | steps_t:  3577 | t: 54.775465 | r:  -461.000000 | e:   0.642300 | Q: -65.708969 | won: False 
#  232 | steps:  8705 | steps_t:  3604 | t: 55.161552 | r:  -428.000000 | e:   0.639600 | Q: -74.817924 | won: False 
#  233 | steps:  8728 | steps_t:  3626 | t: 55.468623 | r:  -423.000000 | e:   0.637400 | Q: -85.958687 | won: False 
#  234 | steps:  8762 | steps_t:  3659 | t: 56.032751 | r:  -423.000000 | e:   0.634100 | Q: -96.932503 | won: False 
#  235 | steps:  8811 | steps_t:  3707 | t: 56.675898 | r:  -372.000000 | e:   0.629300 | Q: -92.315575 | won: False 
#  236 | steps:  8856 | steps_t:  3751 | t: 57.262031 | r:  -423.000000 | e:   0.624900 | Q: -102.374191 | won: False 
#  237 | steps:  8870 | steps_t:  3764 | t: 57.443072 | r:  -458.000000 | e:   0.623600 | Q: -128.234985 | won: False 
#  238 | steps:  8906 | steps_t:  3799 | t: 57.916180 | r:  -469.000000 | e:   0.620100 | Q: -113.588722 | won: False 
#  239 | steps:  8935 | steps_t:  3827 | t: 58.297266 | r:  -451.000000 | e:   0.617300 | Q: -107.742485 | won: False 
#  240 | steps:  8945 | steps_t:  3836 | t: 58.428297 | r:  -465.000000 | e:   0.616400 | Q: -95.695518 | won: False 
#  241 | steps:  8973 | steps_t:  3863 | t: 58.854393 | r:  -472.000000 | e:   0.613700 | Q: -95.532532 | won: False 
#  242 | steps:  9009 | steps_t:  3898 | t: 59.350506 | r:  -469.000000 | e:   0.610200 | Q: -111.209946 | won: False 
#  243 | steps:  9027 | steps_t:  3915 | t: 59.578558 | r:  -429.000000 | e:   0.608500 | Q: -128.342804 | won: False 
#  244 | steps:  9044 | steps_t:  3931 | t: 59.797608 | r:  -494.000000 | e:   0.606900 | Q: -122.331360 | won: False 
#  245 | steps:  9061 | steps_t:  3947 | t: 60.020659 | r:  -461.000000 | e:   0.605300 | Q: -108.490440 | won: False 
#  246 | steps:  9217 | steps_t:  4102 | t: 62.133140 | r:  -358.000000 | e:   0.589800 | Q: -93.262161 | won: False 
#  247 | steps:  9248 | steps_t:  4132 | t: 62.575240 | r:  -431.000000 | e:   0.586800 | Q: -90.171700 | won: False 
#  248 | steps:  9256 | steps_t:  4139 | t: 62.676264 | r:  -452.000000 | e:   0.586100 | Q: -88.105194 | won: False 
#  249 | steps:  9271 | steps_t:  4153 | t: 62.879309 | r:  -492.000000 | e:   0.584700 | Q: -90.114944 | won: False 
#  250 | steps:  9291 | steps_t:  4172 | t: 63.155372 | r:  -409.000000 | e:   0.582800 | Q: -93.530678 | won: False 
#  251 | steps:  9308 | steps_t:  4188 | t: 63.386426 | r:  -450.000000 | e:   0.581200 | Q: -89.000389 | won: False 
#  252 | steps:  9338 | steps_t:  4217 | t: 63.811521 | r:  -507.000000 | e:   0.578300 | Q: -95.751282 | won: False 
#  253 | steps:  9359 | steps_t:  4237 | t: 64.116590 | r:  -421.000000 | e:   0.576300 | Q: -99.967491 | won: False 
#  254 | steps:  9382 | steps_t:  4259 | t: 64.446666 | r:  -434.000000 | e:   0.574100 | Q: -103.431999 | won: False 
#  255 | steps:  9397 | steps_t:  4273 | t: 64.647713 | r:  -492.000000 | e:   0.572700 | Q: -94.141212 | won: False 
#  256 | steps:  9405 | steps_t:  4280 | t: 64.750735 | r:  -452.000000 | e:   0.572000 | Q: -96.077415 | won: False 
#  257 | steps:  9432 | steps_t:  4306 | t: 65.116818 | r:  -460.000000 | e:   0.569400 | Q: -95.036583 | won: False 
#  258 | steps:  9475 | steps_t:  4348 | t: 65.683948 | r:  -399.000000 | e:   0.565200 | Q: -123.132668 | won: False 
#  259 | steps:  9484 | steps_t:  4356 | t: 65.800974 | r:  -464.000000 | e:   0.564400 | Q: -114.170753 | won: False 
#  260 | steps:  9507 | steps_t:  4378 | t: 66.152054 | r:  -445.000000 | e:   0.562200 | Q: -105.292000 | won: False 
#  261 | steps:  9552 | steps_t:  4422 | t: 66.787199 | r:  -434.000000 | e:   0.557800 | Q: -107.951393 | won: False 
#  262 | steps:  9572 | steps_t:  4441 | t: 67.072264 | r:  -387.000000 | e:   0.555900 | Q: -104.092667 | won: False 
#  263 | steps:  9709 | steps_t:  4577 | t: 68.903680 | r:  -255.000000 | e:   0.542300 | Q: -92.831818 | won: False 
#  264 | steps:  9743 | steps_t:  4610 | t: 69.393793 | r:  -401.000000 | e:   0.539000 | Q: -76.798134 | won: False 
#  265 | steps:  9761 | steps_t:  4627 | t: 69.631846 | r:  -451.000000 | e:   0.537300 | Q: -68.859650 | won: False 
#  266 | steps:  9778 | steps_t:  4643 | t: 69.848895 | r:  -450.000000 | e:   0.535700 | Q: -84.323402 | won: False 
#  267 | steps:  9801 | steps_t:  4665 | t: 70.158966 | r:  -423.000000 | e:   0.533500 | Q: -114.095749 | won: False 
#  268 | steps:  9835 | steps_t:  4698 | t: 70.620070 | r:  -412.000000 | e:   0.530200 | Q: -106.221626 | won: False 
#  269 | steps:  9853 | steps_t:  4715 | t: 70.857125 | r:  -429.000000 | e:   0.528500 | Q: -84.225372 | won: False 
#  270 | steps:  9884 | steps_t:  4745 | t: 71.255215 | r:  -398.000000 | e:   0.525500 | Q: -94.565483 | won: False 
#  271 | steps:  9900 | steps_t:  4760 | t: 71.462263 | r:  -482.000000 | e:   0.524000 | Q: -77.935730 | won: False 
#  272 | steps:  9930 | steps_t:  4789 | t: 71.853352 | r:  -452.000000 | e:   0.521100 | Q: -86.973251 | won: False 
#  273 | steps:  9988 | steps_t:  4846 | t: 72.637530 | r:  -363.000000 | e:   0.515400 | Q: -86.368034 | won: False 
#  274 | steps: 10026 | steps_t:  4883 | t: 73.146646 | r:  -416.000000 | e:   0.511700 | Q: -88.682030 | won: False 
#  275 | steps: 10048 | steps_t:  4904 | t: 73.446714 | r:  -411.000000 | e:   0.509600 | Q: -90.452957 | won: False 
#  276 | steps: 10087 | steps_t:  4942 | t: 73.956830 | r:  -395.000000 | e:   0.505800 | Q: -74.027596 | won: False 
#  277 | steps: 10122 | steps_t:  4976 | t: 74.411933 | r:  -424.000000 | e:   0.502400 | Q: -98.277756 | won: False 
#  278 | steps: 10165 | steps_t:  5018 | t: 74.999067 | r:  -443.000000 | e:   0.498200 | Q: -75.326073 | won: False 
#  279 | steps: 10231 | steps_t:  5083 | t: 75.881269 | r:  -400.000000 | e:   0.491700 | Q: -75.957405 | won: False 
#  280 | steps: 10329 | steps_t:  5180 | t: 77.209570 | r:  -487.000000 | e:   0.482000 | Q: -69.215118 | won: False 
#  281 | steps: 10385 | steps_t:  5235 | t: 77.982747 | r:  -489.000000 | e:   0.476500 | Q: -77.571037 | won: False 
#  282 | steps: 10422 | steps_t:  5271 | t: 78.503865 | r:  -309.000000 | e:   0.472900 | Q: -62.475365 | won: False 
#  283 | steps: 10470 | steps_t:  5318 | t: 79.146011 | r:  -371.000000 | e:   0.468200 | Q: -50.001278 | won: False 
#  284 | steps: 10478 | steps_t:  5325 | t: 79.245034 | r:  -452.000000 | e:   0.467500 | Q: -77.536652 | won: False 
#  285 | steps: 10548 | steps_t:  5394 | t: 80.177246 | r:  -448.000000 | e:   0.460600 | Q: -82.079826 | won: False 
#  286 | steps: 10585 | steps_t:  5430 | t: 80.674360 | r:  -426.000000 | e:   0.457000 | Q: -45.457848 | won: False 
#  287 | steps: 10596 | steps_t:  5440 | t: 80.814391 | r:  -477.000000 | e:   0.456000 | Q: -42.804684 | won: False 
#  288 | steps: 10659 | steps_t:  5502 | t: 81.699592 | r:  -386.000000 | e:   0.449800 | Q: -60.921650 | won: False 
#  289 | steps: 10675 | steps_t:  5517 | t: 81.918642 | r:  -460.000000 | e:   0.448300 | Q: -27.501453 | won: False 
#  290 | steps: 10691 | steps_t:  5532 | t: 82.134691 | r:  -449.000000 | e:   0.446800 | Q: -75.473557 | won: False 
#  291 | steps: 10707 | steps_t:  5547 | t: 82.350741 | r:  -427.000000 | e:   0.445300 | Q: -53.389099 | won: False 
#  292 | steps: 10764 | steps_t:  5603 | t: 83.116915 | r:  -435.000000 | e:   0.439700 | Q: -48.632126 | won: False 
#  293 | steps: 10781 | steps_t:  5619 | t: 83.335964 | r:  -450.000000 | e:   0.438100 | Q: -63.251186 | won: False 
#  294 | steps: 10882 | steps_t:  5719 | t: 84.768291 | r:  -292.000000 | e:   0.428100 | Q: -62.296810 | won: False 
#  295 | steps: 10933 | steps_t:  5769 | t: 85.457448 | r:  -418.000000 | e:   0.423100 | Q: -54.696426 | won: False 
#  296 | steps: 11023 | steps_t:  5858 | t: 86.801754 | r:  -347.000000 | e:   0.414200 | Q: -48.827446 | won: False 
#  297 | steps: 11037 | steps_t:  5871 | t: 86.991797 | r:  -480.000000 | e:   0.412900 | Q: -63.646164 | won: False 
#  298 | steps: 11061 | steps_t:  5894 | t: 87.328873 | r:  -446.000000 | e:   0.410600 | Q: -97.681664 | won: False 
#  299 | steps: 11119 | steps_t:  5951 | t: 88.154061 | r:  -337.000000 | e:   0.404900 | Q: -53.272038 | won: False 
#  300 | steps: 11136 | steps_t:  5967 | t: 88.372111 | r:  -406.000000 | e:   0.403300 | Q: -71.151688 | won: False 
#  301 | steps: 11241 | steps_t:  6071 | t: 89.835444 | r:  -384.000000 | e:   0.392900 | Q: -35.332874 | won: False 
#  302 | steps: 11343 | steps_t:  6172 | t: 91.261769 | r:  -502.000000 | e:   0.382800 | Q: -51.936234 | won: False 
#  303 | steps: 11352 | steps_t:  6180 | t: 91.376796 | r:  -464.000000 | e:   0.382000 | Q: -56.181301 | won: False 
#  304 | steps: 11446 | steps_t:  6273 | t: 92.734103 | r:  -329.000000 | e:   0.372700 | Q: -60.221333 | won: False 
#  305 | steps: 11458 | steps_t:  6284 | t: 92.908144 | r:  -489.000000 | e:   0.371600 | Q: -72.527885 | won: False 
#  306 | steps: 11494 | steps_t:  6319 | t: 93.421260 | r:  -403.000000 | e:   0.368100 | Q: -67.834137 | won: False 
#  307 | steps: 11525 | steps_t:  6349 | t: 93.869362 | r:  -420.000000 | e:   0.365100 | Q: -67.406944 | won: False 
#  308 | steps: 11534 | steps_t:  6357 | t: 93.982388 | r:  -453.000000 | e:   0.364300 | Q: -66.019279 | won: False 
#  309 | steps: 11561 | steps_t:  6383 | t: 94.348471 | r:  -427.000000 | e:   0.361700 | Q: -81.691086 | won: False 
#  310 | steps: 11600 | steps_t:  6421 | t: 94.871590 | r:  -472.000000 | e:   0.357900 | Q: -67.430313 | won: False 
#  311 | steps: 11614 | steps_t:  6434 | t: 95.051631 | r:  -502.000000 | e:   0.356600 | Q: -76.044685 | won: False 
#  312 | steps: 11631 | steps_t:  6450 | t: 95.284684 | r:  -472.000000 | e:   0.355000 | Q: -78.649139 | won: False 
#  313 | steps: 11659 | steps_t:  6477 | t: 95.695777 | r:  -450.000000 | e:   0.352300 | Q: -69.442711 | won: False 
#  314 | steps: 11683 | steps_t:  6500 | t: 96.032855 | r:  -435.000000 | e:   0.350000 | Q: -94.778366 | won: False 
#  315 | steps: 11718 | steps_t:  6534 | t: 96.503961 | r:  -424.000000 | e:   0.346600 | Q: -72.595314 | won: False 
#  316 | steps: 11803 | steps_t:  6618 | t: 97.667227 | r:  -408.000000 | e:   0.338200 | Q: -74.246796 | won: False 
#  317 | steps: 11880 | steps_t:  6694 | t: 98.893506 | r:  -422.000000 | e:   0.330600 | Q: -71.240311 | won: False 
#  318 | steps: 11905 | steps_t:  6718 | t: 99.235583 | r:  -425.000000 | e:   0.328200 | Q: -72.542122 | won: False 
#  319 | steps: 11925 | steps_t:  6737 | t: 99.506645 | r:  -453.000000 | e:   0.326300 | Q: -59.508125 | won: False 
#  320 | steps: 11938 | steps_t:  6749 | t: 99.674683 | r:  -490.000000 | e:   0.325100 | Q: -120.423416 | won: False 
#  321 | steps: 11985 | steps_t:  6795 | t: 100.308828 | r:  -385.000000 | e:   0.320500 | Q: -65.276459 | won: False 
#  322 | steps: 12028 | steps_t:  6837 | t: 100.929970 | r:  -443.000000 | e:   0.316300 | Q: -49.135609 | won: False 
#  323 | steps: 12096 | steps_t:  6904 | t: 101.888187 | r:  -380.000000 | e:   0.309600 | Q: -80.835136 | won: False 
#  324 | steps: 12118 | steps_t:  6925 | t: 102.180254 | r:  -422.000000 | e:   0.307500 | Q: -71.009865 | won: False 
#  325 | steps: 12132 | steps_t:  6938 | t: 102.365296 | r:  -469.000000 | e:   0.306200 | Q: -74.771965 | won: False 
#  326 | steps: 12144 | steps_t:  6949 | t: 102.520330 | r:  -478.000000 | e:   0.305100 | Q: -76.254410 | won: False 
#  327 | steps: 12175 | steps_t:  6979 | t: 102.945427 | r:  -453.000000 | e:   0.302100 | Q: -82.606804 | won: False 
#  328 | steps: 12196 | steps_t:  6999 | t: 103.241495 | r:  -399.000000 | e:   0.300100 | Q: -81.472458 | won: False 
#  329 | steps: 12236 | steps_t:  7038 | t: 103.799622 | r:  -440.000000 | e:   0.296200 | Q: -80.228821 | won: False 
#  330 | steps: 12277 | steps_t:  7078 | t: 104.389757 | r:  -430.000000 | e:   0.292200 | Q: -65.106194 | won: False 
#  331 | steps: 12341 | steps_t:  7141 | t: 105.308965 | r:  -453.000000 | e:   0.285900 | Q: -76.303261 | won: False 
#  332 | steps: 12365 | steps_t:  7164 | t: 105.631039 | r:  -435.000000 | e:   0.283600 | Q: -71.576553 | won: False 
#  333 | steps: 12380 | steps_t:  7178 | t: 105.827084 | r:  -481.000000 | e:   0.282200 | Q: -56.095867 | won: False 
#  334 | steps: 12436 | steps_t:  7233 | t: 106.592257 | r:  -368.000000 | e:   0.276700 | Q: -57.571720 | won: False 
#  335 | steps: 12473 | steps_t:  7269 | t: 107.118912 | r:  -393.000000 | e:   0.273100 | Q: -73.926453 | won: False 
#  336 | steps: 12490 | steps_t:  7285 | t: 107.353966 | r:  -406.000000 | e:   0.271500 | Q: -71.302818 | won: False 
#  337 | steps: 12508 | steps_t:  7302 | t: 107.598021 | r:  -440.000000 | e:   0.269800 | Q: -59.194271 | won: False 
#  338 | steps: 12662 | steps_t:  7455 | t: 109.795521 | r:  -422.000000 | e:   0.254500 | Q: -44.564968 | won: False 
#  339 | steps: 12696 | steps_t:  7488 | t: 110.274630 | r:  -434.000000 | e:   0.251200 | Q: -66.329681 | won: False 
#  340 | steps: 12719 | steps_t:  7510 | t: 110.587702 | r:  -423.000000 | e:   0.249000 | Q: -56.502899 | won: False 
#  341 | steps: 12867 | steps_t:  7657 | t: 112.663173 | r:  -438.000000 | e:   0.234300 | Q: -51.919914 | won: False 
#  342 | steps: 12887 | steps_t:  7676 | t: 112.942238 | r:  -420.000000 | e:   0.232400 | Q: -55.078014 | won: False 
#  343 | steps: 12932 | steps_t:  7720 | t: 113.567380 | r:  -401.000000 | e:   0.228000 | Q: -69.461319 | won: False 
#  344 | steps: 12971 | steps_t:  7758 | t: 114.097501 | r:  -450.000000 | e:   0.224200 | Q: -41.625324 | won: False 
#  345 | steps: 13007 | steps_t:  7793 | t: 114.626621 | r:  -491.000000 | e:   0.220700 | Q: -55.999134 | won: False 
#  346 | steps: 13032 | steps_t:  7817 | t: 114.996705 | r:  -425.000000 | e:   0.218300 | Q: -43.349640 | won: False 
#  347 | steps: 13053 | steps_t:  7837 | t: 115.348785 | r:  -421.000000 | e:   0.216300 | Q: -39.524036 | won: False 
#  348 | steps: 13230 | steps_t:  8013 | t: 117.962380 | r:  -500.000000 | e:   0.198700 | Q: -25.494717 | won: False 
#  349 | steps: 13245 | steps_t:  8027 | t: 118.164426 | r:  -470.000000 | e:   0.197300 | Q: -54.897675 | won: False 
#  350 | steps: 13306 | steps_t:  8087 | t: 119.077634 | r:  -329.000000 | e:   0.191300 | Q: -47.685417 | won: False 
#  351 | steps: 13404 | steps_t:  8184 | t: 120.506959 | r:  -366.000000 | e:   0.181600 | Q: -70.069206 | won: False 
#  352 | steps: 13439 | steps_t:  8218 | t: 121.015074 | r:  -446.000000 | e:   0.178200 | Q: -72.289909 | won: False 
#  353 | steps: 13456 | steps_t:  8234 | t: 121.251129 | r:  -406.000000 | e:   0.176600 | Q: -81.370552 | won: False 
#  354 | steps: 13471 | steps_t:  8248 | t: 121.462176 | r:  -448.000000 | e:   0.175200 | Q: -84.684341 | won: False 
#  355 | steps: 13533 | steps_t:  8309 | t: 122.385387 | r:  -429.000000 | e:   0.169100 | Q: -83.030083 | won: False 
#  356 | steps: 13639 | steps_t:  8414 | t: 123.939740 | r:  -407.000000 | e:   0.158600 | Q: -41.253403 | won: False 
#  357 | steps: 13685 | steps_t:  8459 | t: 124.615894 | r:  -435.000000 | e:   0.154100 | Q: -85.416885 | won: False 
#  358 | steps: 13724 | steps_t:  8497 | t: 125.179023 | r:  -395.000000 | e:   0.150300 | Q: -36.241966 | won: False 
#  359 | steps: 13814 | steps_t:  8586 | t: 126.505325 | r:  -424.000000 | e:   0.141400 | Q: -27.165018 | won: False 
#  360 | steps: 13834 | steps_t:  8605 | t: 126.794389 | r:  -475.000000 | e:   0.139500 | Q: -46.220562 | won: False 
#  361 | steps: 13844 | steps_t:  8614 | t: 126.957427 | r:  -443.000000 | e:   0.138600 | Q: -40.724953 | won: False 
#  362 | steps: 13872 | steps_t:  8641 | t: 127.379523 | r:  -406.000000 | e:   0.135900 | Q: -41.460812 | won: False 
#  363 | steps: 13881 | steps_t:  8649 | t: 127.504551 | r:  -453.000000 | e:   0.135100 | Q: -37.293999 | won: False 
#  364 | steps: 13929 | steps_t:  8696 | t: 128.285730 | r:  -415.000000 | e:   0.130400 | Q: -34.354607 | won: False 
#  365 | steps: 13971 | steps_t:  8737 | t: 128.902870 | r:  -387.000000 | e:   0.126300 | Q: -44.652714 | won: False 
#  366 | steps: 13988 | steps_t:  8753 | t: 129.139924 | r:  -461.000000 | e:   0.124700 | Q: -58.050079 | won: False 
#  367 | steps: 14057 | steps_t:  8821 | t: 130.130149 | r:  -381.000000 | e:   0.117900 | Q: -45.643173 | won: False 
#  368 | steps: 14079 | steps_t:  8842 | t: 130.437219 | r:  -433.000000 | e:   0.115800 | Q: -69.656586 | won: False 
#  369 | steps: 14115 | steps_t:  8877 | t: 130.950336 | r:  -370.000000 | e:   0.112300 | Q: -59.817787 | won: False 
#  370 | steps: 14136 | steps_t:  8897 | t: 131.291413 | r:  -399.000000 | e:   0.110300 | Q: -59.638306 | won: False 
#  371 | steps: 14148 | steps_t:  8908 | t: 131.470454 | r:  -456.000000 | e:   0.109200 | Q: -48.808777 | won: False 
#  372 | steps: 14244 | steps_t:  9003 | t: 132.947790 | r:  -397.000000 | e:   0.100000 | Q: -45.416969 | won: False 
#  373 | steps: 14296 | steps_t:  9054 | t: 133.703963 | r:  -342.000000 | e:   0.100000 | Q: -60.844238 | won: False 
#  374 | steps: 14423 | steps_t:  9180 | t: 135.585390 | r:  -417.000000 | e:   0.100000 | Q: -34.638535 | won: False 
#  375 | steps: 14437 | steps_t:  9193 | t: 135.781435 | r:  -469.000000 | e:   0.100000 | Q: -39.047539 | won: False 
#  376 | steps: 14464 | steps_t:  9219 | t: 136.174525 | r:  -372.000000 | e:   0.100000 | Q: -42.190434 | won: False 
#  377 | steps: 14502 | steps_t:  9256 | t: 136.725650 | r:  -427.000000 | e:   0.100000 | Q: -50.722466 | won: False 
#  378 | steps: 14526 | steps_t:  9279 | t: 137.065728 | r:  -490.000000 | e:   0.100000 | Q: -67.714561 | won: False 
#  379 | steps: 14576 | steps_t:  9328 | t: 137.783891 | r:  -406.000000 | e:   0.100000 | Q: -64.382820 | won: False 
#  380 | steps: 14586 | steps_t:  9337 | t: 137.913920 | r:  -476.000000 | e:   0.100000 | Q: -80.258286 | won: False 
#  381 | steps: 14618 | steps_t:  9368 | t: 138.369024 | r:  -355.000000 | e:   0.100000 | Q: -79.145943 | won: False 
#  382 | steps: 14641 | steps_t:  9390 | t: 138.703100 | r:  -379.000000 | e:   0.100000 | Q: -70.874611 | won: False 
#  383 | steps: 14719 | steps_t:  9467 | t: 139.944383 | r:  -346.000000 | e:   0.100000 | Q: -75.307129 | won: False 
#  384 | steps: 14740 | steps_t:  9487 | t: 140.244451 | r:  -388.000000 | e:   0.100000 | Q: -56.018742 | won: False 
#  385 | steps: 14786 | steps_t:  9532 | t: 140.928607 | r:  -457.000000 | e:   0.100000 | Q: -56.113983 | won: False 
#  386 | steps: 14879 | steps_t:  9624 | t: 142.297919 | r:  -416.000000 | e:   0.100000 | Q: -56.889755 | won: False 
#  387 | steps: 15076 | steps_t:  9820 | t: 145.273596 | r:  -421.000000 | e:   0.100000 | Q: -54.120258 | won: False 
#  388 | steps: 15105 | steps_t:  9848 | t: 145.696692 | r:  -440.000000 | e:   0.100000 | Q: -57.723278 | won: False 
#  389 | steps: 15166 | steps_t:  9908 | t: 146.574891 | r:  -373.000000 | e:   0.100000 | Q: -57.913372 | won: False 
#  390 | steps: 15184 | steps_t:  9925 | t: 146.826949 | r:  -385.000000 | e:   0.100000 | Q: -60.976433 | won: False 
#  391 | steps: 15213 | steps_t:  9953 | t: 147.241043 | r:  -396.000000 | e:   0.100000 | Q: -52.601971 | won: False 
#  392 | steps: 15317 | steps_t: 10056 | t: 148.831405 | r:  -427.000000 | e:   0.100000 | Q: -38.073902 | won: False 
#  393 | steps: 15375 | steps_t: 10113 | t: 149.671597 | r:  -436.000000 | e:   0.100000 | Q: -51.592045 | won: False 
#  394 | steps: 15421 | steps_t: 10158 | t: 150.363753 | r:  -446.000000 | e:   0.100000 | Q: -38.733063 | won: False 
#  395 | steps: 15522 | steps_t: 10258 | t: 151.873098 | r:  -314.000000 | e:   0.100000 | Q: -40.416103 | won: False 
#  396 | steps: 15564 | steps_t: 10299 | t: 152.477235 | r:  -464.000000 | e:   0.100000 | Q: -67.037796 | won: False 
#  397 | steps: 15680 | steps_t: 10414 | t: 154.382669 | r:  -263.000000 | e:   0.100000 | Q: -45.247284 | won: False 
#  398 | steps: 15760 | steps_t: 10493 | t: 155.536931 | r:  -348.000000 | e:   0.100000 | Q: -66.162521 | won: False 
#  399 | steps: 15782 | steps_t: 10514 | t: 155.854003 | r:  -422.000000 | e:   0.100000 | Q: -52.252171 | won: False 
#  400 | steps: 15798 | steps_t: 10529 | t: 156.085056 | r:  -460.000000 | e:   0.100000 | Q: -51.653847 | won: False 
#  401 | steps: 15826 | steps_t: 10556 | t: 156.489149 | r:  -428.000000 | e:   0.100000 | Q: -52.067131 | won: False 
#  402 | steps: 15909 | steps_t: 10638 | t: 157.722430 | r:  -395.000000 | e:   0.100000 | Q: -53.128361 | won: False 
#  403 | steps: 15941 | steps_t: 10669 | t: 158.173532 | r:  -355.000000 | e:   0.100000 | Q: -38.735397 | won: False 
#  404 | steps: 16014 | steps_t: 10741 | t: 159.238774 | r:  -363.000000 | e:   0.100000 | Q: -41.846439 | won: False 
#  405 | steps: 16035 | steps_t: 10761 | t: 159.538842 | r:  -399.000000 | e:   0.100000 | Q: -59.848633 | won: False 
#  406 | steps: 16103 | steps_t: 10828 | t: 160.500061 | r:  -358.000000 | e:   0.100000 | Q: -62.993553 | won: False 
#  407 | steps: 16130 | steps_t: 10854 | t: 160.894151 | r:  -438.000000 | e:   0.100000 | Q: -42.546284 | won: False 
#  408 | steps: 16160 | steps_t: 10883 | t: 161.342252 | r:  -331.000000 | e:   0.100000 | Q: -42.865597 | won: False 
#  409 | steps: 16243 | steps_t: 10965 | t: 162.582535 | r:  -395.000000 | e:   0.100000 | Q: -43.620506 | won: False 
#  410 | steps: 16276 | steps_t: 10997 | t: 163.060644 | r:  -444.000000 | e:   0.100000 | Q: -49.093136 | won: False 
#  411 | steps: 16342 | steps_t: 11062 | t: 164.004858 | r:  -356.000000 | e:   0.100000 | Q: -48.999252 | won: False 
#  412 | steps: 16375 | steps_t: 11094 | t: 164.463963 | r:  -389.000000 | e:   0.100000 | Q: -36.100922 | won: False 
#  413 | steps: 16391 | steps_t: 11109 | t: 164.681012 | r:  -471.000000 | e:   0.100000 | Q: -42.450600 | won: False 
#  414 | steps: 16401 | steps_t: 11118 | t: 164.817043 | r:  -443.000000 | e:   0.100000 | Q: -40.923260 | won: False 
#  415 | steps: 16467 | steps_t: 11183 | t: 165.846277 | r:  -327.000000 | e:   0.100000 | Q: -37.865170 | won: False 
#  416 | steps: 16506 | steps_t: 11221 | t: 166.398403 | r:  -373.000000 | e:   0.100000 | Q: -31.307665 | won: False 
#  417 | steps: 16529 | steps_t: 11243 | t: 166.722476 | r:  -401.000000 | e:   0.100000 | Q: -44.653019 | won: False 
#  418 | steps: 16598 | steps_t: 11311 | t: 167.724705 | r:  -348.000000 | e:   0.100000 | Q: -38.840366 | won: False 
#  419 | steps: 16655 | steps_t: 11367 | t: 168.557894 | r:  -358.000000 | e:   0.100000 | Q: -52.198902 | won: False 
#  420 | steps: 16717 | steps_t: 11428 | t: 169.446097 | r:  -352.000000 | e:   0.100000 | Q: -39.282379 | won: False 
#  421 | steps: 16817 | steps_t: 11527 | t: 170.883424 | r:  -346.000000 | e:   0.100000 | Q: -55.226646 | won: False 
#  422 | steps: 16923 | steps_t: 11632 | t: 172.419774 | r:  -385.000000 | e:   0.100000 | Q: -54.047485 | won: False 
#  423 | steps: 16946 | steps_t: 11654 | t: 172.749850 | r:  -357.000000 | e:   0.100000 | Q: -34.024418 | won: False 
#  424 | steps: 16955 | steps_t: 11662 | t: 172.869876 | r:  -453.000000 | e:   0.100000 | Q: -45.300976 | won: False 
#  425 | steps: 17033 | steps_t: 11739 | t: 174.037142 | r:  -313.000000 | e:   0.100000 | Q: -42.102844 | won: False 
#  426 | steps: 17051 | steps_t: 11756 | t: 174.301201 | r:  -385.000000 | e:   0.100000 | Q: -36.857430 | won: False 
#  427 | steps: 17088 | steps_t: 11792 | t: 174.848326 | r:  -371.000000 | e:   0.100000 | Q: -34.331352 | won: False 
#  428 | steps: 17114 | steps_t: 11817 | t: 175.208409 | r:  -371.000000 | e:   0.100000 | Q: -29.720551 | won: False 
#  429 | steps: 17124 | steps_t: 11826 | t: 175.339438 | r:  -443.000000 | e:   0.100000 | Q: -29.622000 | won: False 
#  430 | steps: 17208 | steps_t: 11909 | t: 176.555715 | r:  -352.000000 | e:   0.100000 | Q: -32.545502 | won: False 
#  431 | steps: 17357 | steps_t: 12057 | t: 178.700203 | r:  -439.000000 | e:   0.100000 | Q: -24.639135 | won: False 
#  432 | steps: 17443 | steps_t: 12142 | t: 179.943486 | r:  -376.000000 | e:   0.100000 | Q: -14.257533 | won: False 
#  433 | steps: 17509 | steps_t: 12207 | t: 180.926709 | r:  -356.000000 | e:   0.100000 | Q: -27.898783 | won: False 
#  434 | steps: 17537 | steps_t: 12234 | t: 181.317798 | r:  -406.000000 | e:   0.100000 | Q: -35.574326 | won: False 
#  435 | steps: 17574 | steps_t: 12270 | t: 181.831915 | r:  -371.000000 | e:   0.100000 | Q: -25.364277 | won: False 
#  436 | steps: 17603 | steps_t: 12298 | t: 182.245010 | r:  -429.000000 | e:   0.100000 | Q: -35.566288 | won: False 
#  437 | steps: 17632 | steps_t: 12326 | t: 182.710115 | r:  -396.000000 | e:   0.100000 | Q: -34.701042 | won: False 
#  438 | steps: 17686 | steps_t: 12379 | t: 183.587315 | r:  -344.000000 | e:   0.100000 | Q: -20.757639 | won: False 
#  439 | steps: 17734 | steps_t: 12426 | t: 184.296477 | r:  -415.000000 | e:   0.100000 | Q: -26.018776 | won: False 
#  440 | steps: 17776 | steps_t: 12467 | t: 184.919618 | r:  -409.000000 | e:   0.100000 | Q: -22.431713 | won: False 
#  441 | steps: 17803 | steps_t: 12493 | t: 185.346716 | r:  -416.000000 | e:   0.100000 | Q: -20.809505 | won: False 
#  442 | steps: 17827 | steps_t: 12516 | t: 185.709798 | r:  -424.000000 | e:   0.100000 | Q: -30.376581 | won: False 
#  443 | steps: 17876 | steps_t: 12564 | t: 186.445966 | r:  -416.000000 | e:   0.100000 | Q: -29.385660 | won: False 
#  444 | steps: 17956 | steps_t: 12643 | t: 187.698251 | r:  -337.000000 | e:   0.100000 | Q: -17.499743 | won: False 
#  445 | steps: 18017 | steps_t: 12703 | t: 188.623461 | r:  -340.000000 | e:   0.100000 | Q: -25.822298 | won: False 
#  446 | steps: 18082 | steps_t: 12767 | t: 189.568677 | r:  -300.000000 | e:   0.100000 | Q: -33.151794 | won: False 
#  447 | steps: 18175 | steps_t: 12859 | t: 190.994000 | r:  -372.000000 | e:   0.100000 | Q: -35.552216 | won: False 
#  448 | steps: 18230 | steps_t: 12913 | t: 191.819189 | r:  -367.000000 | e:   0.100000 | Q: -24.084541 | won: False 
#  449 | steps: 18365 | steps_t: 13047 | t: 193.839649 | r:  -330.000000 | e:   0.100000 | Q: -20.047049 | won: False 
#  450 | steps: 18383 | steps_t: 13064 | t: 194.155721 | r:  -385.000000 | e:   0.100000 | Q: -29.430626 | won: False 
#  451 | steps: 18511 | steps_t: 13191 | t: 196.042149 | r:  -429.000000 | e:   0.100000 | Q:  -8.638503 | won: False 
#  452 | steps: 18528 | steps_t: 13207 | t: 196.283205 | r:  -395.000000 | e:   0.100000 | Q:  -5.161350 | won: False 
#  453 | steps: 18563 | steps_t: 13241 | t: 196.788319 | r:  -380.000000 | e:   0.100000 | Q:  -3.358981 | won: False 
#  454 | steps: 18607 | steps_t: 13284 | t: 197.418463 | r:  -312.000000 | e:   0.100000 | Q:  -4.956450 | won: False 
#  455 | steps: 18625 | steps_t: 13301 | t: 197.673521 | r:  -418.000000 | e:   0.100000 | Q: -14.395167 | won: False 
#  456 | steps: 18696 | steps_t: 13371 | t: 198.695753 | r:  -339.000000 | e:   0.100000 | Q: -14.836263 | won: False 
#  457 | steps: 18767 | steps_t: 13441 | t: 199.745994 | r:  -361.000000 | e:   0.100000 | Q:  -4.643941 | won: False 
#  458 | steps: 18788 | steps_t: 13461 | t: 200.058064 | r:  -443.000000 | e:   0.100000 | Q: -16.297686 | won: False 
#  459 | steps: 18809 | steps_t: 13481 | t: 200.357132 | r:  -333.000000 | e:   0.100000 | Q: -16.962009 | won: False 
#  460 | steps: 18829 | steps_t: 13500 | t: 200.638196 | r:  -431.000000 | e:   0.100000 | Q: -19.258226 | won: False 
#  461 | steps: 19008 | steps_t: 13678 | t: 203.285799 | r:  -447.000000 | e:   0.100000 | Q: -16.679468 | won: False 
#  462 | steps: 19067 | steps_t: 13736 | t: 204.200006 | r:  -371.000000 | e:   0.100000 | Q:  -8.888389 | won: False 
#  463 | steps: 19302 | steps_t: 13970 | t: 207.795825 | r:  -492.000000 | e:   0.100000 | Q:  -3.682100 | won: False 
#  464 | steps: 19383 | steps_t: 14050 | t: 209.018104 | r:  -459.000000 | e:   0.100000 | Q:  -0.265210 | won: False 
#  465 | steps: 19411 | steps_t: 14077 | t: 209.436198 | r:  -417.000000 | e:   0.100000 | Q:  -6.943521 | won: False 
#  466 | steps: 19443 | steps_t: 14108 | t: 209.902304 | r:  -377.000000 | e:   0.100000 | Q:  -9.802315 | won: False 
#  467 | steps: 19485 | steps_t: 14149 | t: 210.548451 | r:  -343.000000 | e:   0.100000 | Q: -14.590300 | won: False 
#  468 | steps: 19517 | steps_t: 14180 | t: 211.019558 | r:  -410.000000 | e:   0.100000 | Q:  -9.019954 | won: False 
#  469 | steps: 19578 | steps_t: 14240 | t: 211.940768 | r:  -274.000000 | e:   0.100000 | Q: -10.674661 | won: False 
#  470 | steps: 19603 | steps_t: 14264 | t: 212.324855 | r:  -392.000000 | e:   0.100000 | Q: -19.718441 | won: False 
#  471 | steps: 19639 | steps_t: 14299 | t: 212.861977 | r:  -359.000000 | e:   0.100000 | Q: -16.221682 | won: False 
